This file contains any messages produced by compilers while
running configure, to aid debugging if configure makes a mistake.

It was created by configure, which was
generated by GNU Autoconf 2.59.  Invocation command line was

  $ ./configure 

## --------- ##
## Platform. ##
## --------- ##

hostname = REDBONE
uname -m = i686
uname -r = 1.5.18(0.132/4/2)
uname -s = CYGWIN_NT-5.1
uname -v = 2005-07-02 20:30

/usr/bin/uname -p = unknown
/bin/uname -X     = unknown

/bin/arch              = unknown
/usr/bin/arch -k       = unknown
/usr/convex/getsysinfo = unknown
hostinfo               = unknown
/bin/machine           = unknown
/usr/bin/oslevel       = unknown
/bin/universe          = unknown

PATH: d
PATH: /home/kanai/work/bin
PATH: d
PATH: /home/kanai/bin
PATH: d
PATH: /home/kanai/work/megapoly/megapoly/ssview/release
PATH: c
PATH: /LaTeX/dviout
PATH: c
PATH: /cygwin/usr/local/netpbm/bin
PATH: /usr/X11R6/bin
PATH: /usr/bin
PATH: /cygdrive/c/Program
PATH: Files/NVIDIA
PATH: Corporation/Cg/bin
PATH: /cygdrive/c/dviout
PATH: /cygdrive/c/gs/gs8.51/bin
PATH: /cygdrive/c/gs/gs8.51/lib
PATH: /cygdrive/c/LaTeX/bin
PATH: /cygdrive/c/LaTeX/dviout
PATH: /usr/local/netpbm/bin
PATH: /usr/sbin
PATH: /usr/bin
PATH: /cygdrive/c/Program
PATH: Files/SSH
PATH: Communications
PATH: Security/SSH
PATH: Secure
PATH: Shell
PATH: /cygdrive/c/Program
PATH: Files/Common
PATH: Files/GTK/2.0/bin
PATH: /cygdrive/c/WINDOWS/system32
PATH: /cygdrive/c/WINDOWS
PATH: /cygdrive/c/WINDOWS/System32/Wbem
PATH: .
PATH: /usr/bin


## ----------- ##
## Core tests. ##
## ----------- ##

configure:1349: checking for a BSD-compatible install
configure:1404: result: /usr/bin/install -c
configure:1415: checking whether build environment is sane
configure:1458: result: yes
configure:1523: checking for gawk
configure:1539: found /usr/bin/gawk
configure:1549: result: gawk
configure:1559: checking whether make sets $(MAKE)
configure:1579: result: yes
configure:1801: checking for gcc
configure:1817: found /usr/bin/gcc
configure:1827: result: gcc
configure:2071: checking for C compiler version
configure:2074: gcc --version </dev/null >&5
gcc (GCC) 3.4.4 (cygming special) (gdc 0.12, using dmd 0.125)
Copyright (C) 2004 Free Software Foundation, Inc.
This is free software; see the source for copying conditions.  There is NO
warranty; not even for MERCHANTABILITY or FITNESS FOR A PARTICULAR PURPOSE.

configure:2077: $? = 0
configure:2079: gcc -v </dev/null >&5
Reading specs from /usr/lib/gcc/i686-pc-cygwin/3.4.4/specs
Configured with: /gcc/gcc-3.4.4/gcc-3.4.4-1/configure --verbose --prefix=/usr --exec-prefix=/usr --sysconfdir=/etc --libdir=/usr/lib --libexecdir=/usr/lib --mandir=/usr/share/man --infodir=/usr/share/info --enable-languages=c,ada,c++,d,f77,java,objc --enable-nls --without-included-gettext --enable-version-specific-runtime-libs --without-x --enable-libgcj --disable-java-awt --with-system-zlib --enable-interpreter --disable-libgcj-debug --enable-threads=posix --enable-java-gc=boehm --disable-win32-registry --enable-sjlj-exceptions --enable-hash-synchronization --enable-libstdcxx-debug : (reconfigured) 
Thread model: posix
gcc version 3.4.4 (cygming special) (gdc 0.12, using dmd 0.125)
configure:2082: $? = 0
configure:2084: gcc -V </dev/null >&5
gcc: `-V' option must have argument
configure:2087: $? = 1
configure:2110: checking for C compiler default output file name
configure:2113: gcc    conftest.c  >&5
configure:2116: $? = 0
configure:2162: result: a.exe
configure:2167: checking whether the C compiler works
configure:2173: ./a.exe
configure:2176: $? = 0
configure:2193: result: yes
configure:2200: checking whether we are cross compiling
configure:2202: result: no
configure:2205: checking for suffix of executables
configure:2207: gcc -o conftest.exe    conftest.c  >&5
configure:2210: $? = 0
configure:2235: result: .exe
configure:2241: checking for suffix of object files
configure:2262: gcc -c   conftest.c >&5
configure:2265: $? = 0
configure:2287: result: o
configure:2291: checking whether we are using the GNU C compiler
configure:2315: gcc -c   conftest.c >&5
configure:2321: $? = 0
configure:2325: test -z 
			 || test ! -s conftest.err
configure:2328: $? = 0
configure:2331: test -s conftest.o
configure:2334: $? = 0
configure:2347: result: yes
configure:2353: checking whether gcc accepts -g
configure:2374: gcc -c -g  conftest.c >&5
configure:2380: $? = 0
configure:2384: test -z 
			 || test ! -s conftest.err
configure:2387: $? = 0
configure:2390: test -s conftest.o
configure:2393: $? = 0
configure:2404: result: yes
configure:2421: checking for gcc option to accept ANSI C
configure:2491: gcc  -c -g -O2  conftest.c >&5
configure:2497: $? = 0
configure:2501: test -z 
			 || test ! -s conftest.err
configure:2504: $? = 0
configure:2507: test -s conftest.o
configure:2510: $? = 0
configure:2528: result: none needed
configure:2546: gcc -c -g -O2  conftest.c >&5
conftest.c:2: error: parse error before "me"
configure:2552: $? = 1
configure: failed program was:
| #ifndef __cplusplus
|   choke me
| #endif
configure:2696: checking for style of include used by make
configure:2724: result: GNU
configure:2752: checking dependency style of gcc
configure:2842: result: gcc3
configure:2911: checking for g++
configure:2927: found /usr/bin/g++
configure:2937: result: g++
configure:2953: checking for C++ compiler version
configure:2956: g++ --version </dev/null >&5
g++ (GCC) 3.4.4 (cygming special) (gdc 0.12, using dmd 0.125)
Copyright (C) 2004 Free Software Foundation, Inc.
This is free software; see the source for copying conditions.  There is NO
warranty; not even for MERCHANTABILITY or FITNESS FOR A PARTICULAR PURPOSE.

configure:2959: $? = 0
configure:2961: g++ -v </dev/null >&5
Reading specs from /usr/lib/gcc/i686-pc-cygwin/3.4.4/specs
Configured with: /gcc/gcc-3.4.4/gcc-3.4.4-1/configure --verbose --prefix=/usr --exec-prefix=/usr --sysconfdir=/etc --libdir=/usr/lib --libexecdir=/usr/lib --mandir=/usr/share/man --infodir=/usr/share/info --enable-languages=c,ada,c++,d,f77,java,objc --enable-nls --without-included-gettext --enable-version-specific-runtime-libs --without-x --enable-libgcj --disable-java-awt --with-system-zlib --enable-interpreter --disable-libgcj-debug --enable-threads=posix --enable-java-gc=boehm --disable-win32-registry --enable-sjlj-exceptions --enable-hash-synchronization --enable-libstdcxx-debug : (reconfigured) 
Thread model: posix
gcc version 3.4.4 (cygming special) (gdc 0.12, using dmd 0.125)
configure:2964: $? = 0
configure:2966: g++ -V </dev/null >&5
g++: `-V' option must have argument
configure:2969: $? = 1
configure:2972: checking whether we are using the GNU C++ compiler
configure:2996: g++ -c   conftest.cc >&5
configure:3002: $? = 0
configure:3006: test -z 
			 || test ! -s conftest.err
configure:3009: $? = 0
configure:3012: test -s conftest.o
configure:3015: $? = 0
configure:3028: result: yes
configure:3034: checking whether g++ accepts -g
configure:3055: g++ -c -g  conftest.cc >&5
configure:3061: $? = 0
configure:3065: test -z 
			 || test ! -s conftest.err
configure:3068: $? = 0
configure:3071: test -s conftest.o
configure:3074: $? = 0
configure:3085: result: yes
configure:3127: g++ -c -g -O2  conftest.cc >&5
configure:3133: $? = 0
configure:3137: test -z 
			 || test ! -s conftest.err
configure:3140: $? = 0
configure:3143: test -s conftest.o
configure:3146: $? = 0
configure:3172: g++ -c -g -O2  conftest.cc >&5
conftest.cc: In function `int main()':
conftest.cc:15: error: `exit' undeclared (first use this function)
conftest.cc:15: error: (Each undeclared identifier is reported only once for each function it appears in.)
configure:3178: $? = 1
configure: failed program was:
| /* confdefs.h.  */
| 
| #define PACKAGE_NAME ""
| #define PACKAGE_TARNAME ""
| #define PACKAGE_VERSION ""
| #define PACKAGE_STRING ""
| #define PACKAGE_BUGREPORT ""
| #define PACKAGE "MeshToSS"
| #define VERSION "1.0.3"
| /* end confdefs.h.  */
| 
| int
| main ()
| {
| exit (42);
|   ;
|   return 0;
| }
configure:3127: g++ -c -g -O2  conftest.cc >&5
configure:3133: $? = 0
configure:3137: test -z 
			 || test ! -s conftest.err
configure:3140: $? = 0
configure:3143: test -s conftest.o
configure:3146: $? = 0
configure:3172: g++ -c -g -O2  conftest.cc >&5
configure:3178: $? = 0
configure:3182: test -z 
			 || test ! -s conftest.err
configure:3185: $? = 0
configure:3188: test -s conftest.o
configure:3191: $? = 0
configure:3216: checking dependency style of g++
configure:3306: result: gcc3
configure:3364: checking for ranlib
configure:3380: found /usr/bin/ranlib
configure:3391: result: ranlib
configure:3410: checking how to run the C preprocessor
configure:3445: gcc -E  conftest.c
configure:3451: $? = 0
configure:3483: gcc -E  conftest.c
conftest.c:14:28: ac_nonexistent.h: No such file or directory
configure:3489: $? = 1
configure: failed program was:
| /* confdefs.h.  */
| 
| #define PACKAGE_NAME ""
| #define PACKAGE_TARNAME ""
| #define PACKAGE_VERSION ""
| #define PACKAGE_STRING ""
| #define PACKAGE_BUGREPORT ""
| #define PACKAGE "MeshToSS"
| #define VERSION "1.0.3"
| #ifdef __cplusplus
| extern "C" void std::exit (int) throw (); using std::exit;
| #endif
| /* end confdefs.h.  */
| #include <ac_nonexistent.h>
configure:3528: result: gcc -E
configure:3552: gcc -E  conftest.c
configure:3558: $? = 0
configure:3590: gcc -E  conftest.c
conftest.c:14:28: ac_nonexistent.h: No such file or directory
configure:3596: $? = 1
configure: failed program was:
| /* confdefs.h.  */
| 
| #define PACKAGE_NAME ""
| #define PACKAGE_TARNAME ""
| #define PACKAGE_VERSION ""
| #define PACKAGE_STRING ""
| #define PACKAGE_BUGREPORT ""
| #define PACKAGE "MeshToSS"
| #define VERSION "1.0.3"
| #ifdef __cplusplus
| extern "C" void std::exit (int) throw (); using std::exit;
| #endif
| /* end confdefs.h.  */
| #include <ac_nonexistent.h>
configure:3640: checking for egrep
configure:3650: result: grep -E
configure:3655: checking for ANSI C header files
configure:3680: gcc -c -g -O2  conftest.c >&5
configure:3686: $? = 0
configure:3690: test -z 
			 || test ! -s conftest.err
configure:3693: $? = 0
configure:3696: test -s conftest.o
configure:3699: $? = 0
configure:3788: gcc -o conftest.exe -g -O2   conftest.c  >&5
configure:3791: $? = 0
configure:3793: ./conftest.exe
configure:3796: $? = 0
configure:3811: result: yes
configure:3821: checking for sys/wait.h that is POSIX.1 compatible
configure:3852: gcc -c -g -O2  conftest.c >&5
configure:3858: $? = 0
configure:3862: test -z 
			 || test ! -s conftest.err
configure:3865: $? = 0
configure:3868: test -s conftest.o
configure:3871: $? = 0
configure:3882: result: yes
configure:3893: checking for an ANSI C-conforming const
configure:3960: gcc -c -g -O2  conftest.c >&5
configure:3966: $? = 0
configure:3970: test -z 
			 || test ! -s conftest.err
configure:3973: $? = 0
configure:3976: test -s conftest.o
configure:3979: $? = 0
configure:3990: result: yes
configure:4014: checking for sys/types.h
configure:4030: gcc -c -g -O2  conftest.c >&5
configure:4036: $? = 0
configure:4040: test -z 
			 || test ! -s conftest.err
configure:4043: $? = 0
configure:4046: test -s conftest.o
configure:4049: $? = 0
configure:4060: result: yes
configure:4014: checking for sys/stat.h
configure:4030: gcc -c -g -O2  conftest.c >&5
configure:4036: $? = 0
configure:4040: test -z 
			 || test ! -s conftest.err
configure:4043: $? = 0
configure:4046: test -s conftest.o
configure:4049: $? = 0
configure:4060: result: yes
configure:4014: checking for stdlib.h
configure:4030: gcc -c -g -O2  conftest.c >&5
configure:4036: $? = 0
configure:4040: test -z 
			 || test ! -s conftest.err
configure:4043: $? = 0
configure:4046: test -s conftest.o
configure:4049: $? = 0
configure:4060: result: yes
configure:4014: checking for string.h
configure:4030: gcc -c -g -O2  conftest.c >&5
configure:4036: $? = 0
configure:4040: test -z 
			 || test ! -s conftest.err
configure:4043: $? = 0
configure:4046: test -s conftest.o
configure:4049: $? = 0
configure:4060: result: yes
configure:4014: checking for memory.h
configure:4030: gcc -c -g -O2  conftest.c >&5
configure:4036: $? = 0
configure:4040: test -z 
			 || test ! -s conftest.err
configure:4043: $? = 0
configure:4046: test -s conftest.o
configure:4049: $? = 0
configure:4060: result: yes
configure:4014: checking for strings.h
configure:4030: gcc -c -g -O2  conftest.c >&5
configure:4036: $? = 0
configure:4040: test -z 
			 || test ! -s conftest.err
configure:4043: $? = 0
configure:4046: test -s conftest.o
configure:4049: $? = 0
configure:4060: result: yes
configure:4014: checking for inttypes.h
configure:4030: gcc -c -g -O2  conftest.c >&5
configure:4036: $? = 0
configure:4040: test -z 
			 || test ! -s conftest.err
configure:4043: $? = 0
configure:4046: test -s conftest.o
configure:4049: $? = 0
configure:4060: result: yes
configure:4014: checking for stdint.h
configure:4030: gcc -c -g -O2  conftest.c >&5
configure:4036: $? = 0
configure:4040: test -z 
			 || test ! -s conftest.err
configure:4043: $? = 0
configure:4046: test -s conftest.o
configure:4049: $? = 0
configure:4060: result: yes
configure:4014: checking for unistd.h
configure:4030: gcc -c -g -O2  conftest.c >&5
configure:4036: $? = 0
configure:4040: test -z 
			 || test ! -s conftest.err
configure:4043: $? = 0
configure:4046: test -s conftest.o
configure:4049: $? = 0
configure:4060: result: yes
configure:4072: checking for pid_t
configure:4096: gcc -c -g -O2  conftest.c >&5
configure:4102: $? = 0
configure:4106: test -z 
			 || test ! -s conftest.err
configure:4109: $? = 0
configure:4112: test -s conftest.o
configure:4115: $? = 0
configure:4126: result: yes
configure:4138: checking for size_t
configure:4162: gcc -c -g -O2  conftest.c >&5
configure:4168: $? = 0
configure:4172: test -z 
			 || test ! -s conftest.err
configure:4175: $? = 0
configure:4178: test -s conftest.o
configure:4181: $? = 0
configure:4192: result: yes
configure:4216: checking for add_history
configure:4273: gcc -o conftest.exe -g -O2   conftest.c  >&5
/cygdrive/c/DOCUME~1/kanai/LOCALS~1/Temp/cc0JGOsJ.o: In function `main':
/cygdrive/d/home/kanai/work/MeshToSS/MeshToSS-1.0.3/conftest.c:65: undefined reference to `_add_history'
/cygdrive/d/home/kanai/work/MeshToSS/MeshToSS-1.0.3/conftest.c:64: undefined reference to `_add_history'
collect2: ld returned 1 exit status
configure:4279: $? = 1
configure: failed program was:
| /* confdefs.h.  */
| 
| #define PACKAGE_NAME ""
| #define PACKAGE_TARNAME ""
| #define PACKAGE_VERSION ""
| #define PACKAGE_STRING ""
| #define PACKAGE_BUGREPORT ""
| #define PACKAGE "MeshToSS"
| #define VERSION "1.0.3"
| #ifdef __cplusplus
| extern "C" void std::exit (int) throw (); using std::exit;
| #endif
| #define STDC_HEADERS 1
| #define HAVE_SYS_WAIT_H 1
| #define HAVE_SYS_TYPES_H 1
| #define HAVE_SYS_STAT_H 1
| #define HAVE_STDLIB_H 1
| #define HAVE_STRING_H 1
| #define HAVE_MEMORY_H 1
| #define HAVE_STRINGS_H 1
| #define HAVE_INTTYPES_H 1
| #define HAVE_STDINT_H 1
| #define HAVE_UNISTD_H 1
| /* end confdefs.h.  */
| /* Define add_history to an innocuous variant, in case <limits.h> declares add_history.
|    For example, HP-UX 11i <limits.h> declares gettimeofday.  */
| #define add_history innocuous_add_history
| 
| /* System header to define __stub macros and hopefully few prototypes,
|     which can conflict with char add_history (); below.
|     Prefer <limits.h> to <assert.h> if __STDC__ is defined, since
|     <limits.h> exists even on freestanding compilers.  */
| 
| #ifdef __STDC__
| # include <limits.h>
| #else
| # include <assert.h>
| #endif
| 
| #undef add_history
| 
| /* Override any gcc2 internal prototype to avoid an error.  */
| #ifdef __cplusplus
| extern "C"
| {
| #endif
| /* We use char because int might match the return type of a gcc2
|    builtin and then its argument prototype would still apply.  */
| char add_history ();
| /* The GNU C library defines this for functions which it implements
|     to always fail with ENOSYS.  Some functions are actually named
|     something starting with __ and the normal name is an alias.  */
| #if defined (__stub_add_history) || defined (__stub___add_history)
| choke me
| #else
| char (*f) () = add_history;
| #endif
| #ifdef __cplusplus
| }
| #endif
| 
| int
| main ()
| {
| return f != add_history;
|   ;
|   return 0;
| }
configure:4304: result: no
configure:4436: creating ./config.status

## ---------------------- ##
## Running config.status. ##
## ---------------------- ##

This file was extended by config.status, which was
generated by GNU Autoconf 2.59.  Invocation command line was

  CONFIG_FILES    = 
  CONFIG_HEADERS  = 
  CONFIG_LINKS    = 
  CONFIG_COMMANDS = 
  $ ./config.status 

on REDBONE

config.status:701: creating Makefile
config.status:701: creating optmesh/Makefile
config.status:805: creating config/config.h
config.status:805: creating config.h
config.status:1093: executing depfiles commands
config.status:1093: executing default commands

## ---------------- ##
## Cache variables. ##
## ---------------- ##

ac_cv_c_compiler_gnu=yes
ac_cv_c_const=yes
ac_cv_cxx_compiler_gnu=yes
ac_cv_env_CC_set=
ac_cv_env_CC_value=
ac_cv_env_CFLAGS_set=
ac_cv_env_CFLAGS_value=
ac_cv_env_CPPFLAGS_set=
ac_cv_env_CPPFLAGS_value=
ac_cv_env_CPP_set=
ac_cv_env_CPP_value=
ac_cv_env_CXXFLAGS_set=
ac_cv_env_CXXFLAGS_value=
ac_cv_env_CXX_set=
ac_cv_env_CXX_value=
ac_cv_env_LDFLAGS_set=
ac_cv_env_LDFLAGS_value=
ac_cv_env_build_alias_set=
ac_cv_env_build_alias_value=
ac_cv_env_host_alias_set=
ac_cv_env_host_alias_value=
ac_cv_env_target_alias_set=
ac_cv_env_target_alias_value=
ac_cv_exeext=.exe
ac_cv_func_add_history=no
ac_cv_header_inttypes_h=yes
ac_cv_header_memory_h=yes
ac_cv_header_stdc=yes
ac_cv_header_stdint_h=yes
ac_cv_header_stdlib_h=yes
ac_cv_header_string_h=yes
ac_cv_header_strings_h=yes
ac_cv_header_sys_stat_h=yes
ac_cv_header_sys_types_h=yes
ac_cv_header_sys_wait_h=yes
ac_cv_header_unistd_h=yes
ac_cv_objext=o
ac_cv_path_install='/usr/bin/install -c'
ac_cv_prog_AWK=gawk
ac_cv_prog_CPP='gcc -E'
ac_cv_prog_ac_ct_CC=gcc
ac_cv_prog_ac_ct_CXX=g++
ac_cv_prog_ac_ct_RANLIB=ranlib
ac_cv_prog_cc_g=yes
ac_cv_prog_cc_stdc=
ac_cv_prog_cxx_g=yes
ac_cv_prog_egrep='grep -E'
ac_cv_prog_make_make_set=yes
ac_cv_type_pid_t=yes
ac_cv_type_size_t=yes
am_cv_CC_dependencies_compiler_type=gcc3
am_cv_CXX_dependencies_compiler_type=gcc3

## ----------------- ##
## Output variables. ##
## ----------------- ##

ACLOCAL='${SHELL} /cygdrive/d/home/kanai/work/MeshToSS/MeshToSS-1.0.3/config/missing --run aclocal-1.9'
AMDEPBACKSLASH='\'
AMDEP_FALSE='#'
AMDEP_TRUE=''
AMTAR='${SHELL} /cygdrive/d/home/kanai/work/MeshToSS/MeshToSS-1.0.3/config/missing --run tar'
AUTOCONF='${SHELL} /cygdrive/d/home/kanai/work/MeshToSS/MeshToSS-1.0.3/config/missing --run autoconf'
AUTOHEADER='${SHELL} /cygdrive/d/home/kanai/work/MeshToSS/MeshToSS-1.0.3/config/missing --run autoheader'
AUTOMAKE='${SHELL} /cygdrive/d/home/kanai/work/MeshToSS/MeshToSS-1.0.3/config/missing --run automake-1.9'
AWK='gawk'
CC='gcc'
CCDEPMODE='depmode=gcc3'
CFLAGS='-g -O2'
CPP='gcc -E'
CPPFLAGS=''
CXX='g++'
CXXDEPMODE='depmode=gcc3'
CXXFLAGS='-g -O2'
CYGPATH_W='cygpath -w'
DEFS='-DHAVE_CONFIG_H'
DEPDIR='.deps'
ECHO_C=''
ECHO_N='-n'
ECHO_T=''
EGREP='grep -E'
EXEEXT='.exe'
INSTALL_DATA='${INSTALL} -m 644'
INSTALL_PROGRAM='${INSTALL}'
INSTALL_SCRIPT='${INSTALL}'
INSTALL_STRIP_PROGRAM='${SHELL} $(install_sh) -c -s'
LDFLAGS=''
LIBOBJS=''
LIBS=''
LTLIBOBJS=''
MAKEINFO='${SHELL} /cygdrive/d/home/kanai/work/MeshToSS/MeshToSS-1.0.3/config/missing --run makeinfo'
OBJEXT='o'
PACKAGE='MeshToSS'
PACKAGE_BUGREPORT=''
PACKAGE_NAME=''
PACKAGE_STRING=''
PACKAGE_TARNAME=''
PACKAGE_VERSION=''
PATH_SEPARATOR=':'
RANLIB='ranlib'
SET_MAKE=''
SHELL='/bin/sh'
STRIP=''
VERSION='1.0.3'
ac_aux_dir='config'
ac_ct_CC='gcc'
ac_ct_CXX='g++'
ac_ct_RANLIB='ranlib'
ac_ct_STRIP=''
am__fastdepCC_FALSE='#'
am__fastdepCC_TRUE=''
am__fastdepCXX_FALSE='#'
am__fastdepCXX_TRUE=''
am__include='include'
am__leading_dot='.'
am__quote=''
am__tar='${AMTAR} chof - "$$tardir"'
am__untar='${AMTAR} xf -'
bindir='${exec_prefix}/bin'
build_alias=''
datadir='${prefix}/share'
exec_prefix='${prefix}'
host_alias=''
includedir='${prefix}/include'
infodir='${prefix}/info'
install_sh='/cygdrive/d/home/kanai/work/MeshToSS/MeshToSS-1.0.3/config/install-sh'
libdir='${exec_prefix}/lib'
libexecdir='${exec_prefix}/libexec'
localstatedir='${prefix}/var'
mandir='${prefix}/man'
mkdir_p='mkdir -p --'
oldincludedir='/usr/include'
prefix='/usr/local'
program_transform_name='s,x,x,'
sbindir='${exec_prefix}/sbin'
sharedstatedir='${prefix}/com'
sysconfdir='${prefix}/etc'
target_alias=''

## ----------- ##
## confdefs.h. ##
## ----------- ##

#define HAVE_INTTYPES_H 1
#define HAVE_MEMORY_H 1
#define HAVE_STDINT_H 1
#define HAVE_STDLIB_H 1
#define HAVE_STRINGS_H 1
#define HAVE_STRING_H 1
#define HAVE_SYS_STAT_H 1
#define HAVE_SYS_TYPES_H 1
#define HAVE_SYS_WAIT_H 1
#define HAVE_UNISTD_H 1
#define PACKAGE "MeshToSS"
#define PACKAGE_BUGREPORT ""
#define PACKAGE_NAME ""
#define PACKAGE_STRING ""
#define PACKAGE_TARNAME ""
#define PACKAGE_VERSION ""
#define STDC_HEADERS 1
#define VERSION "1.0.3"
#endif
#ifdef __cplusplus
extern "C" void std::exit (int) throw (); using std::exit;

configure: exit 0
